03:30:15 INFO  : Launching XSCT server: xsct -n -sdx -interactive /home/nimbix/workspace/temp_xsdb_launch_script.tcl
03:30:18 INFO  : Registering command handlers for SDx TCF services
03:30:21 INFO  : Validating SDSoC License...
03:30:22 INFO  : License for SDSoC is unavailable
03:30:22 INFO  : Validating SDAccel License...
03:30:22 INFO  : License available for SDAccel
03:30:22 INFO  : XSCT server has started successfully.
03:30:22 INFO  : Successfully done setting XSCT server connection channel  
03:30:35 INFO  : plnx-install-location is set to ''
03:30:35 INFO  : Successfully done setting workspace for the tool. 
03:30:35 INFO  : Successfully done query RDI_DATADIR 
04:22:21 INFO  : Registering command handlers for SDx TCF services
04:22:21 INFO  : Launching XSCT server: xsct -n -sdx -interactive /home/nimbix/workspace/temp_xsdb_launch_script.tcl
04:22:23 INFO  : XSCT server has started successfully.
04:22:23 INFO  : plnx-install-location is set to ''
04:22:23 INFO  : Successfully done setting XSCT server connection channel  
04:22:23 INFO  : Successfully done setting workspace for the tool. 
04:22:23 INFO  : Successfully done query RDI_DATADIR 
04:22:25 INFO  : Validating SDSoC License...
04:22:26 INFO  : License for SDSoC is unavailable
04:22:26 INFO  : Validating SDAccel License...
04:22:26 INFO  : License available for SDAccel
